2017-06-12 17:12:18  INFO CreateServiceRunnable:85 - CreateServiceRunnable initialization complete!
2017-06-12 17:12:18  INFO CreateServiceRunnable:97 - CreateServiceRunnable is running...
2017-06-12 17:12:18  INFO CreateServiceRunnable:322 - Start test mode!
2017-06-12 17:12:41  INFO CreateServiceRunnable:85 - CreateServiceRunnable initialization complete!
2017-06-12 17:12:41  INFO CreateServiceRunnable:97 - CreateServiceRunnable is running...
2017-06-12 17:12:41  INFO CreateServiceRunnable:322 - Start test mode!
2017-06-12 17:13:06  INFO CreateServiceRunnable:85 - CreateServiceRunnable initialization complete!
2017-06-12 17:13:06  INFO CreateServiceRunnable:97 - CreateServiceRunnable is running...
2017-06-12 17:13:06  INFO CreateServiceRunnable:322 - Start test mode!
2017-06-12 21:19:48  INFO CreateServiceRunnable:85 - CreateServiceRunnable initialization complete!
2017-06-12 21:19:48  INFO CreateServiceRunnable:97 - CreateServiceRunnable is running...
2017-06-12 21:19:49  INFO CreateServiceRunnable:322 - Start test mode!
2017-06-12 21:20:08  INFO CreateServiceRunnable:383 - Accepted 151220060
2017-06-12 21:20:08  INFO CreateServiceRunnable:421 - Not in Player List151220060
2017-06-12 21:27:07  INFO CreateServiceRunnable:85 - CreateServiceRunnable initialization complete!
2017-06-12 21:27:07  INFO CreateServiceRunnable:97 - CreateServiceRunnable is running...
2017-06-12 21:27:07  INFO CreateServiceRunnable:322 - Start test mode!
2017-06-12 21:27:15  INFO CreateServiceRunnable:383 - Accepted 111111112
2017-06-12 21:27:15  INFO CreateServiceRunnable:421 - Not in Player List111111112
2017-06-12 21:27:47  INFO CreateServiceRunnable:85 - CreateServiceRunnable initialization complete!
2017-06-12 21:27:47  INFO CreateServiceRunnable:97 - CreateServiceRunnable is running...
2017-06-12 21:27:47  INFO CreateServiceRunnable:322 - Start test mode!
2017-06-12 21:27:53  INFO CreateServiceRunnable:383 - Accepted 111111112
2017-06-12 21:27:53  INFO CreateServiceRunnable:397 - Welcome 111111112,黄飞虎
2017-06-12 21:44:56  INFO CreateServiceRunnable:85 - CreateServiceRunnable initialization complete!
2017-06-12 21:44:56  INFO CreateServiceRunnable:97 - CreateServiceRunnable is running...
2017-06-12 21:44:56  INFO CreateServiceRunnable:322 - Start test mode!
2017-06-12 21:45:05  INFO CreateServiceRunnable:383 - Accepted 111111112
2017-06-12 21:45:06  INFO CreateServiceRunnable:397 - Welcome 111111112,黄飞虎
