2017-06-12 17:12:17  INFO ServerProperties:43 - Read server.properties complete! The properties as follows: 
2017-06-12 17:12:17  INFO ServerProperties:45 - step.error.number=3
2017-06-12 17:12:17  INFO ServerProperties:45 - chess.board.rows=15
2017-06-12 17:12:17  INFO ServerProperties:45 - chess.board.cols=15
2017-06-12 17:12:17  INFO ServerProperties:45 - ui.width=1064
2017-06-12 17:12:17  INFO ServerProperties:45 - see.error=true
2017-06-12 17:12:17  INFO ServerProperties:45 - ui.height=674
2017-06-12 17:12:17  INFO ServerProperties:45 - contest.rounds=2
2017-06-12 17:12:17  INFO ServerProperties:45 - filter.out=0
2017-06-12 17:12:17  INFO ServerProperties:45 - replay.speed=200
2017-06-12 17:12:17  INFO ServerProperties:45 - round.steps=70
2017-06-12 17:12:17  INFO ServerProperties:45 - play.interval=0
2017-06-12 17:12:17  INFO ServerProperties:45 - ui.result.list.width=66
2017-06-12 17:12:17  INFO ServerProperties:45 - robot.model=1
2017-06-12 17:12:17  INFO ServerProperties:45 - server.port=10087
2017-06-12 17:12:17  INFO ServerProperties:45 - debug.robot.b=1
2017-06-12 17:12:17  INFO ServerProperties:45 - debug.robot.a=0
2017-06-12 17:12:17  INFO ServerProperties:45 - step.timeout=5000
2017-06-12 17:12:17  INFO ServerProperties:45 - disappear_freq=5
2017-06-12 17:12:17  INFO ServerProperties:45 - server.mode=1
2017-06-12 17:12:17  INFO Main:28 - Startup the main ui
2017-06-12 17:12:18  INFO Players:66 - Load list file: players-0.txt
2017-06-12 17:12:18  INFO Players:72 - The players authoried in this round as follow:
2017-06-12 17:12:18  INFO Players:80 - 151220060
2017-06-12 17:12:18  INFO Players:80 - 151220021
2017-06-12 17:12:18  INFO Players:80 - 151220182
2017-06-12 17:12:18  INFO Players:89 - Total players: 3
2017-06-12 17:12:18  INFO ClientConnectMonitor:60 - Create server socket success!
2017-06-12 17:12:18  INFO ClientConnectMonitor:62 - Server address is: 192.168.23.1:10087
2017-06-12 17:12:18  INFO ClientConnectMonitor:64 - ClientConnectMonitor initialization complete!
2017-06-12 17:12:18  INFO ClientConnectMonitor:74 - Start monitor...
2017-06-12 17:12:18  INFO ClientConnectMonitor:82 - Waitting clients to access...
2017-06-12 17:12:41  INFO ServerProperties:43 - Read server.properties complete! The properties as follows: 
2017-06-12 17:12:41  INFO ServerProperties:45 - step.error.number=3
2017-06-12 17:12:41  INFO ServerProperties:45 - chess.board.rows=15
2017-06-12 17:12:41  INFO ServerProperties:45 - chess.board.cols=15
2017-06-12 17:12:41  INFO ServerProperties:45 - ui.width=1064
2017-06-12 17:12:41  INFO ServerProperties:45 - see.error=true
2017-06-12 17:12:41  INFO ServerProperties:45 - ui.height=674
2017-06-12 17:12:41  INFO ServerProperties:45 - contest.rounds=2
2017-06-12 17:12:41  INFO ServerProperties:45 - filter.out=0
2017-06-12 17:12:41  INFO ServerProperties:45 - replay.speed=200
2017-06-12 17:12:41  INFO ServerProperties:45 - round.steps=70
2017-06-12 17:12:41  INFO ServerProperties:45 - play.interval=0
2017-06-12 17:12:41  INFO ServerProperties:45 - ui.result.list.width=66
2017-06-12 17:12:41  INFO ServerProperties:45 - robot.model=1
2017-06-12 17:12:41  INFO ServerProperties:45 - server.port=10087
2017-06-12 17:12:41  INFO ServerProperties:45 - debug.robot.b=1
2017-06-12 17:12:41  INFO ServerProperties:45 - debug.robot.a=0
2017-06-12 17:12:41  INFO ServerProperties:45 - step.timeout=5000
2017-06-12 17:12:41  INFO ServerProperties:45 - disappear_freq=5
2017-06-12 17:12:41  INFO ServerProperties:45 - server.mode=1
2017-06-12 17:12:41  INFO Main:28 - Startup the main ui
2017-06-12 17:12:41  INFO Players:66 - Load list file: players-0.txt
2017-06-12 17:12:41  INFO Players:72 - The players authoried in this round as follow:
2017-06-12 17:12:41  INFO Players:80 - 151220060
2017-06-12 17:12:41  INFO Players:80 - 151220021
2017-06-12 17:12:41  INFO Players:80 - 151220182
2017-06-12 17:12:41  INFO Players:89 - Total players: 3
2017-06-12 17:12:41  INFO ClientConnectMonitor:60 - Create server socket success!
2017-06-12 17:12:41  INFO ClientConnectMonitor:62 - Server address is: 192.168.23.1:10087
2017-06-12 17:12:41  INFO ClientConnectMonitor:64 - ClientConnectMonitor initialization complete!
2017-06-12 17:12:41  INFO ClientConnectMonitor:74 - Start monitor...
2017-06-12 17:12:41  INFO ClientConnectMonitor:82 - Waitting clients to access...
2017-06-12 17:13:05  INFO ServerProperties:43 - Read server.properties complete! The properties as follows: 
2017-06-12 17:13:05  INFO ServerProperties:45 - step.error.number=3
2017-06-12 17:13:05  INFO ServerProperties:45 - chess.board.rows=15
2017-06-12 17:13:05  INFO ServerProperties:45 - chess.board.cols=15
2017-06-12 17:13:05  INFO ServerProperties:45 - ui.width=1064
2017-06-12 17:13:05  INFO ServerProperties:45 - see.error=true
2017-06-12 17:13:05  INFO ServerProperties:45 - ui.height=674
2017-06-12 17:13:05  INFO ServerProperties:45 - contest.rounds=2
2017-06-12 17:13:05  INFO ServerProperties:45 - filter.out=0
2017-06-12 17:13:05  INFO ServerProperties:45 - replay.speed=200
2017-06-12 17:13:05  INFO ServerProperties:45 - round.steps=70
2017-06-12 17:13:05  INFO ServerProperties:45 - play.interval=0
2017-06-12 17:13:05  INFO ServerProperties:45 - ui.result.list.width=66
2017-06-12 17:13:05  INFO ServerProperties:45 - robot.model=1
2017-06-12 17:13:05  INFO ServerProperties:45 - server.port=10087
2017-06-12 17:13:05  INFO ServerProperties:45 - debug.robot.b=1
2017-06-12 17:13:05  INFO ServerProperties:45 - debug.robot.a=0
2017-06-12 17:13:05  INFO ServerProperties:45 - step.timeout=5000
2017-06-12 17:13:05  INFO ServerProperties:45 - disappear_freq=5
2017-06-12 17:13:05  INFO ServerProperties:45 - server.mode=1
2017-06-12 17:13:05  INFO Main:28 - Startup the main ui
2017-06-12 17:13:06  INFO Players:66 - Load list file: players-0.txt
2017-06-12 17:13:06  INFO Players:72 - The players authoried in this round as follow:
2017-06-12 17:13:06  INFO Players:80 - ﻿151220060
2017-06-12 17:13:06  INFO Players:80 - 151220021
2017-06-12 17:13:06  INFO Players:80 - 151220182
2017-06-12 17:13:06  INFO Players:89 - Total players: 3
2017-06-12 17:13:06  INFO ClientConnectMonitor:60 - Create server socket success!
2017-06-12 17:13:06  INFO ClientConnectMonitor:62 - Server address is: 192.168.23.1:10087
2017-06-12 17:13:06  INFO ClientConnectMonitor:64 - ClientConnectMonitor initialization complete!
2017-06-12 17:13:06  INFO ClientConnectMonitor:74 - Start monitor...
2017-06-12 17:13:06  INFO ClientConnectMonitor:82 - Waitting clients to access...
2017-06-12 21:19:48  INFO ServerProperties:43 - Read server.properties complete! The properties as follows: 
2017-06-12 21:19:48  INFO ServerProperties:45 - step.error.number=3
2017-06-12 21:19:48  INFO ServerProperties:45 - chess.board.rows=15
2017-06-12 21:19:48  INFO ServerProperties:45 - chess.board.cols=15
2017-06-12 21:19:48  INFO ServerProperties:45 - ui.width=1064
2017-06-12 21:19:48  INFO ServerProperties:45 - see.error=true
2017-06-12 21:19:48  INFO ServerProperties:45 - ui.height=674
2017-06-12 21:19:48  INFO ServerProperties:45 - contest.rounds=2
2017-06-12 21:19:48  INFO ServerProperties:45 - filter.out=0
2017-06-12 21:19:48  INFO ServerProperties:45 - replay.speed=200
2017-06-12 21:19:48  INFO ServerProperties:45 - round.steps=70
2017-06-12 21:19:48  INFO ServerProperties:45 - play.interval=0
2017-06-12 21:19:48  INFO ServerProperties:45 - ui.result.list.width=66
2017-06-12 21:19:48  INFO ServerProperties:45 - robot.model=1
2017-06-12 21:19:48  INFO ServerProperties:45 - server.port=10087
2017-06-12 21:19:48  INFO ServerProperties:45 - debug.robot.b=1
2017-06-12 21:19:48  INFO ServerProperties:45 - debug.robot.a=0
2017-06-12 21:19:48  INFO ServerProperties:45 - step.timeout=5000
2017-06-12 21:19:48  INFO ServerProperties:45 - disappear_freq=5
2017-06-12 21:19:48  INFO ServerProperties:45 - server.mode=1
2017-06-12 21:19:48  INFO Main:28 - Startup the main ui
2017-06-12 21:19:48  INFO Players:66 - Load list file: players-0.txt
2017-06-12 21:19:48  INFO Players:72 - The players authoried in this round as follow:
2017-06-12 21:19:48  INFO Players:80 - ﻿151220060
2017-06-12 21:19:48  INFO Players:80 - 151220021
2017-06-12 21:19:48  INFO Players:80 - 151220182
2017-06-12 21:19:48  INFO Players:89 - Total players: 3
2017-06-12 21:19:49  INFO ClientConnectMonitor:60 - Create server socket success!
2017-06-12 21:19:49  INFO ClientConnectMonitor:62 - Server address is: 192.168.23.1:10087
2017-06-12 21:19:49  INFO ClientConnectMonitor:64 - ClientConnectMonitor initialization complete!
2017-06-12 21:19:49  INFO ClientConnectMonitor:74 - Start monitor...
2017-06-12 21:19:49  INFO ClientConnectMonitor:82 - Waitting clients to access...
2017-06-12 21:20:08  INFO ClientConnectMonitor:102 - Accepted one accession: 127.0.0.1:53093
2017-06-12 21:20:08  INFO ClientConnectMonitor:82 - Waitting clients to access...
2017-06-12 21:27:07  INFO ServerProperties:43 - Read server.properties complete! The properties as follows: 
2017-06-12 21:27:07  INFO ServerProperties:45 - step.error.number=3
2017-06-12 21:27:07  INFO ServerProperties:45 - chess.board.rows=15
2017-06-12 21:27:07  INFO ServerProperties:45 - chess.board.cols=15
2017-06-12 21:27:07  INFO ServerProperties:45 - ui.width=1064
2017-06-12 21:27:07  INFO ServerProperties:45 - see.error=true
2017-06-12 21:27:07  INFO ServerProperties:45 - ui.height=674
2017-06-12 21:27:07  INFO ServerProperties:45 - contest.rounds=2
2017-06-12 21:27:07  INFO ServerProperties:45 - filter.out=0
2017-06-12 21:27:07  INFO ServerProperties:45 - replay.speed=200
2017-06-12 21:27:07  INFO ServerProperties:45 - round.steps=70
2017-06-12 21:27:07  INFO ServerProperties:45 - play.interval=0
2017-06-12 21:27:07  INFO ServerProperties:45 - ui.result.list.width=66
2017-06-12 21:27:07  INFO ServerProperties:45 - robot.model=1
2017-06-12 21:27:07  INFO ServerProperties:45 - server.port=10087
2017-06-12 21:27:07  INFO ServerProperties:45 - debug.robot.b=1
2017-06-12 21:27:07  INFO ServerProperties:45 - debug.robot.a=0
2017-06-12 21:27:07  INFO ServerProperties:45 - step.timeout=5000
2017-06-12 21:27:07  INFO ServerProperties:45 - disappear_freq=5
2017-06-12 21:27:07  INFO ServerProperties:45 - server.mode=1
2017-06-12 21:27:07  INFO Main:28 - Startup the main ui
2017-06-12 21:27:07  INFO Players:66 - Load list file: players-1.txt
2017-06-12 21:27:07  INFO Players:72 - The players authoried in this round as follow:
2017-06-12 21:27:07  INFO Players:80 - ﻿111111112
2017-06-12 21:27:07  INFO Players:80 - 111111113
2017-06-12 21:27:07  INFO Players:80 - 111111114
2017-06-12 21:27:07  INFO Players:89 - Total players: 3
2017-06-12 21:27:07  INFO ClientConnectMonitor:60 - Create server socket success!
2017-06-12 21:27:07  INFO ClientConnectMonitor:62 - Server address is: 192.168.23.1:10087
2017-06-12 21:27:07  INFO ClientConnectMonitor:64 - ClientConnectMonitor initialization complete!
2017-06-12 21:27:07  INFO ClientConnectMonitor:74 - Start monitor...
2017-06-12 21:27:07  INFO ClientConnectMonitor:82 - Waitting clients to access...
2017-06-12 21:27:15  INFO ClientConnectMonitor:102 - Accepted one accession: 127.0.0.1:56951
2017-06-12 21:27:15  INFO ClientConnectMonitor:82 - Waitting clients to access...
2017-06-12 21:27:47  INFO ServerProperties:43 - Read server.properties complete! The properties as follows: 
2017-06-12 21:27:47  INFO ServerProperties:45 - step.error.number=3
2017-06-12 21:27:47  INFO ServerProperties:45 - chess.board.rows=15
2017-06-12 21:27:47  INFO ServerProperties:45 - chess.board.cols=15
2017-06-12 21:27:47  INFO ServerProperties:45 - ui.width=1064
2017-06-12 21:27:47  INFO ServerProperties:45 - see.error=true
2017-06-12 21:27:47  INFO ServerProperties:45 - ui.height=674
2017-06-12 21:27:47  INFO ServerProperties:45 - contest.rounds=2
2017-06-12 21:27:47  INFO ServerProperties:45 - filter.out=0
2017-06-12 21:27:47  INFO ServerProperties:45 - replay.speed=200
2017-06-12 21:27:47  INFO ServerProperties:45 - round.steps=70
2017-06-12 21:27:47  INFO ServerProperties:45 - play.interval=0
2017-06-12 21:27:47  INFO ServerProperties:45 - ui.result.list.width=66
2017-06-12 21:27:47  INFO ServerProperties:45 - robot.model=1
2017-06-12 21:27:47  INFO ServerProperties:45 - server.port=10087
2017-06-12 21:27:47  INFO ServerProperties:45 - debug.robot.b=1
2017-06-12 21:27:47  INFO ServerProperties:45 - debug.robot.a=0
2017-06-12 21:27:47  INFO ServerProperties:45 - step.timeout=5000
2017-06-12 21:27:47  INFO ServerProperties:45 - disappear_freq=5
2017-06-12 21:27:47  INFO ServerProperties:45 - server.mode=1
2017-06-12 21:27:47  INFO Main:28 - Startup the main ui
2017-06-12 21:27:47  INFO Players:66 - Load list file: players-0.txt
2017-06-12 21:27:47  INFO Players:72 - The players authoried in this round as follow:
2017-06-12 21:27:47  INFO Players:80 - 111111112
2017-06-12 21:27:47  INFO Players:80 - 111111113
2017-06-12 21:27:47  INFO Players:80 - 111111114
2017-06-12 21:27:47  INFO Players:89 - Total players: 3
2017-06-12 21:27:47  INFO ClientConnectMonitor:60 - Create server socket success!
2017-06-12 21:27:47  INFO ClientConnectMonitor:62 - Server address is: 192.168.23.1:10087
2017-06-12 21:27:47  INFO ClientConnectMonitor:64 - ClientConnectMonitor initialization complete!
2017-06-12 21:27:47  INFO ClientConnectMonitor:74 - Start monitor...
2017-06-12 21:27:47  INFO ClientConnectMonitor:82 - Waitting clients to access...
2017-06-12 21:27:53  INFO ClientConnectMonitor:102 - Accepted one accession: 127.0.0.1:57294
2017-06-12 21:27:53  INFO ClientConnectMonitor:82 - Waitting clients to access...
2017-06-12 21:27:53  INFO RobotAIFactory:16 - Produce one Robot Alpha
2017-06-12 21:44:56  INFO ServerProperties:43 - Read server.properties complete! The properties as follows: 
2017-06-12 21:44:56  INFO ServerProperties:45 - step.error.number=3
2017-06-12 21:44:56  INFO ServerProperties:45 - chess.board.rows=15
2017-06-12 21:44:56  INFO ServerProperties:45 - chess.board.cols=15
2017-06-12 21:44:56  INFO ServerProperties:45 - ui.width=1064
2017-06-12 21:44:56  INFO ServerProperties:45 - see.error=true
2017-06-12 21:44:56  INFO ServerProperties:45 - ui.height=674
2017-06-12 21:44:56  INFO ServerProperties:45 - contest.rounds=2
2017-06-12 21:44:56  INFO ServerProperties:45 - filter.out=0
2017-06-12 21:44:56  INFO ServerProperties:45 - replay.speed=200
2017-06-12 21:44:56  INFO ServerProperties:45 - round.steps=70
2017-06-12 21:44:56  INFO ServerProperties:45 - play.interval=0
2017-06-12 21:44:56  INFO ServerProperties:45 - ui.result.list.width=66
2017-06-12 21:44:56  INFO ServerProperties:45 - robot.model=1
2017-06-12 21:44:56  INFO ServerProperties:45 - server.port=10087
2017-06-12 21:44:56  INFO ServerProperties:45 - debug.robot.b=1
2017-06-12 21:44:56  INFO ServerProperties:45 - debug.robot.a=0
2017-06-12 21:44:56  INFO ServerProperties:45 - step.timeout=5000
2017-06-12 21:44:56  INFO ServerProperties:45 - disappear_freq=5
2017-06-12 21:44:56  INFO ServerProperties:45 - server.mode=1
2017-06-12 21:44:56  INFO Main:28 - Startup the main ui
2017-06-12 21:44:56  INFO Players:66 - Load list file: players-0.txt
2017-06-12 21:44:56  INFO Players:72 - The players authoried in this round as follow:
2017-06-12 21:44:56  INFO Players:80 - 111111112
2017-06-12 21:44:56  INFO Players:80 - 111111113
2017-06-12 21:44:56  INFO Players:80 - 111111114
2017-06-12 21:44:56  INFO Players:89 - Total players: 3
2017-06-12 21:44:56  INFO ClientConnectMonitor:60 - Create server socket success!
2017-06-12 21:44:56  INFO ClientConnectMonitor:62 - Server address is: 192.168.23.1:10087
2017-06-12 21:44:56  INFO ClientConnectMonitor:64 - ClientConnectMonitor initialization complete!
2017-06-12 21:44:56  INFO ClientConnectMonitor:74 - Start monitor...
2017-06-12 21:44:56  INFO ClientConnectMonitor:82 - Waitting clients to access...
2017-06-12 21:45:05  INFO ClientConnectMonitor:102 - Accepted one accession: 127.0.0.1:50530
2017-06-12 21:45:05  INFO ClientConnectMonitor:82 - Waitting clients to access...
2017-06-12 21:45:06  INFO RobotAIFactory:16 - Produce one Robot Alpha
