2017-04-07 15:01:50  INFO DebugServiceRunnable:61 - RobotIvsRobotII-debug-0 begin!
2017-04-07 15:01:50  INFO DebugServiceRunnable:71 - RobotIvsRobotII-debug-0 round 0 start
2017-04-07 15:01:50  INFO DebugServiceRunnable:221 - RobotIvsRobotII-debug-0 round 0 end
2017-04-07 15:01:50  INFO DebugServiceRunnable:71 - RobotIvsRobotII-debug-0 round 1 start
2017-04-07 15:01:50  INFO DebugServiceRunnable:221 - RobotIvsRobotII-debug-0 round 1 end
2017-04-07 15:01:50  INFO DebugServiceRunnable:71 - RobotIvsRobotII-debug-0 round 2 start
2017-04-07 15:01:50  INFO DebugServiceRunnable:221 - RobotIvsRobotII-debug-0 round 2 end
2017-04-07 15:01:50  INFO DebugServiceRunnable:240 - RobotIvsRobotII-debug-0 game over
2017-04-07 15:01:50  INFO DebugServiceRunnable:247 - RobotIvsRobotII-debug-0 result save completed!
2017-04-07 15:01:50  INFO DebugServiceRunnable:252 - RobotIvsRobotII-debug-0 record save completed!
2017-04-07 15:01:56  INFO DebugServiceRunnable:61 - RobotIvsRobotII-debug-1 begin!
2017-04-07 15:01:56  INFO DebugServiceRunnable:71 - RobotIvsRobotII-debug-1 round 0 start
2017-04-07 15:01:56  INFO DebugServiceRunnable:221 - RobotIvsRobotII-debug-1 round 0 end
2017-04-07 15:01:56  INFO DebugServiceRunnable:71 - RobotIvsRobotII-debug-1 round 1 start
2017-04-07 15:01:56  INFO DebugServiceRunnable:221 - RobotIvsRobotII-debug-1 round 1 end
2017-04-07 15:01:56  INFO DebugServiceRunnable:71 - RobotIvsRobotII-debug-1 round 2 start
2017-04-07 15:01:56  INFO DebugServiceRunnable:221 - RobotIvsRobotII-debug-1 round 2 end
2017-04-07 15:01:56  INFO DebugServiceRunnable:240 - RobotIvsRobotII-debug-1 game over
2017-04-07 15:01:56  INFO DebugServiceRunnable:247 - RobotIvsRobotII-debug-1 result save completed!
2017-04-07 15:01:56  INFO DebugServiceRunnable:252 - RobotIvsRobotII-debug-1 record save completed!
2017-04-07 15:05:32  INFO DebugServiceRunnable:61 - RobotIvsRobotII-debug-0 begin!
2017-04-07 15:05:32  INFO DebugServiceRunnable:71 - RobotIvsRobotII-debug-0 round 0 start
2017-04-07 15:05:32  INFO DebugServiceRunnable:221 - RobotIvsRobotII-debug-0 round 0 end
2017-04-07 15:05:32  INFO DebugServiceRunnable:71 - RobotIvsRobotII-debug-0 round 1 start
2017-04-07 15:05:32  INFO DebugServiceRunnable:221 - RobotIvsRobotII-debug-0 round 1 end
2017-04-07 15:05:32  INFO DebugServiceRunnable:71 - RobotIvsRobotII-debug-0 round 2 start
2017-04-07 15:05:32  INFO DebugServiceRunnable:221 - RobotIvsRobotII-debug-0 round 2 end
2017-04-07 15:05:32  INFO DebugServiceRunnable:240 - RobotIvsRobotII-debug-0 game over
2017-04-07 15:05:32  INFO DebugServiceRunnable:247 - RobotIvsRobotII-debug-0 result save completed!
2017-04-07 15:05:32  INFO DebugServiceRunnable:252 - RobotIvsRobotII-debug-0 record save completed!
2017-04-07 15:09:10  INFO DebugServiceRunnable:61 - RobotIvsRobotII-debug-0 begin!
2017-04-07 15:09:10  INFO DebugServiceRunnable:71 - RobotIvsRobotII-debug-0 round 0 start
2017-04-07 15:09:10  INFO DebugServiceRunnable:221 - RobotIvsRobotII-debug-0 round 0 end
2017-04-07 15:09:10  INFO DebugServiceRunnable:71 - RobotIvsRobotII-debug-0 round 1 start
2017-04-07 15:09:10  INFO DebugServiceRunnable:221 - RobotIvsRobotII-debug-0 round 1 end
2017-04-07 15:09:10  INFO DebugServiceRunnable:71 - RobotIvsRobotII-debug-0 round 2 start
2017-04-07 15:09:10  INFO DebugServiceRunnable:221 - RobotIvsRobotII-debug-0 round 2 end
2017-04-07 15:09:10  INFO DebugServiceRunnable:240 - RobotIvsRobotII-debug-0 game over
2017-04-07 15:09:10  INFO DebugServiceRunnable:247 - RobotIvsRobotII-debug-0 result save completed!
2017-04-07 15:09:10  INFO DebugServiceRunnable:252 - RobotIvsRobotII-debug-0 record save completed!
2017-04-07 15:10:27  INFO DebugServiceRunnable:61 - RobotIvsRobotII-debug-0 begin!
2017-04-07 15:10:27  INFO DebugServiceRunnable:71 - RobotIvsRobotII-debug-0 round 0 start
2017-04-07 15:10:27  INFO DebugServiceRunnable:221 - RobotIvsRobotII-debug-0 round 0 end
2017-04-07 15:10:27  INFO DebugServiceRunnable:240 - RobotIvsRobotII-debug-0 game over
2017-04-07 15:10:27  INFO DebugServiceRunnable:247 - RobotIvsRobotII-debug-0 result save completed!
2017-04-07 15:10:27  INFO DebugServiceRunnable:252 - RobotIvsRobotII-debug-0 record save completed!
2017-04-07 15:13:50  INFO DebugServiceRunnable:61 - RobotIvsRobotI-debug-0 begin!
2017-04-07 15:13:50  INFO DebugServiceRunnable:71 - RobotIvsRobotI-debug-0 round 0 start
2017-04-07 15:13:50  INFO DebugServiceRunnable:221 - RobotIvsRobotI-debug-0 round 0 end
2017-04-07 15:13:50  INFO DebugServiceRunnable:240 - RobotIvsRobotI-debug-0 game over
2017-04-07 15:13:50  INFO DebugServiceRunnable:247 - RobotIvsRobotI-debug-0 result save completed!
2017-04-07 15:13:50  INFO DebugServiceRunnable:252 - RobotIvsRobotI-debug-0 record save completed!
2017-04-07 16:31:30  INFO DebugServiceRunnable:61 - RobotIvsRobotI-debug-0 begin!
2017-04-07 16:31:30  INFO DebugServiceRunnable:71 - RobotIvsRobotI-debug-0 round 0 start
2017-04-07 16:31:30  INFO DebugServiceRunnable:221 - RobotIvsRobotI-debug-0 round 0 end
2017-04-07 16:31:30  INFO DebugServiceRunnable:240 - RobotIvsRobotI-debug-0 game over
2017-04-07 16:31:30  INFO DebugServiceRunnable:247 - RobotIvsRobotI-debug-0 result save completed!
2017-04-07 16:31:30  INFO DebugServiceRunnable:252 - RobotIvsRobotI-debug-0 record save completed!
2017-04-07 16:32:45  INFO DebugServiceRunnable:61 - RobotIvsRobotI-debug-0 begin!
2017-04-07 16:32:45  INFO DebugServiceRunnable:71 - RobotIvsRobotI-debug-0 round 0 start
2017-04-07 16:34:38  INFO DebugServiceRunnable:221 - RobotIvsRobotI-debug-0 round 0 end
2017-04-07 16:34:38  INFO DebugServiceRunnable:240 - RobotIvsRobotI-debug-0 game over
2017-04-07 16:34:38  INFO DebugServiceRunnable:247 - RobotIvsRobotI-debug-0 result save completed!
2017-04-07 16:34:38  INFO DebugServiceRunnable:252 - RobotIvsRobotI-debug-0 record save completed!
2017-04-07 17:09:32  INFO DebugServiceRunnable:61 - RobotIvsRobotI-debug-0 begin!
2017-04-07 17:09:32  INFO DebugServiceRunnable:71 - RobotIvsRobotI-debug-0 round 0 start
